<?xml version="1.0" encoding="UTF-8"?>
<!-- Generated by org.testng.reporters.JUnitReportReporter -->
<testsuite hostname="LAPTOP-KM79VSJA" failures="0" tests="1" name="seleniumPackage.OpenFirefox" time="14.579" errors="0" timestamp="2023-10-16T18:21:50 IST" skipped="0">
  <testcase classname="seleniumPackage.OpenFirefox" name="testInitiateMeeting" time="14.579"/>
  <system-out/>
</testsuite> <!-- seleniumPackage.OpenFirefox -->
